0 info it worked if it ends with ok
1 verbose cli [ '/usr/bin/nodejs',
1 verbose cli   '/usr/bin/npm',
1 verbose cli   'run',
1 verbose cli   'typings',
1 verbose cli   'install',
1 verbose cli   'dt~core-js',
1 verbose cli   '--save',
1 verbose cli   '--global' ]
2 info using npm@3.5.2
3 info using node@v4.2.6
4 verbose run-script [ 'pretypings', 'typings', 'posttypings' ]
5 info lifecycle @~pretypings: @
6 silly lifecycle @~pretypings: no script for pretypings, continuing
7 info lifecycle @~typings: @
8 verbose lifecycle @~typings: unsafe-perm in lifecycle true
9 verbose lifecycle @~typings: PATH: /usr/share/npm/bin/node-gyp-bin:/home/mander/public_html/ttassess/node_modules/.bin:/usr/local/sbin:/usr/local/bin:/usr/sbin:/usr/bin:/sbin:/bin
10 verbose lifecycle @~typings: CWD: /home/mander/public_html/ttassess
11 silly lifecycle @~typings: Args: [ '-c', 'typings "install" "dt~core-js"' ]
12 silly lifecycle @~typings: Returned: code: 1  signal: null
13 info lifecycle @~typings: Failed to exec typings script
14 verbose stack Error: @ typings: `typings "install" "dt~core-js"`
14 verbose stack Exit status 1
14 verbose stack     at EventEmitter.<anonymous> (/usr/share/npm/lib/utils/lifecycle.js:232:16)
14 verbose stack     at emitTwo (events.js:87:13)
14 verbose stack     at EventEmitter.emit (events.js:172:7)
14 verbose stack     at ChildProcess.<anonymous> (/usr/share/npm/lib/utils/spawn.js:24:14)
14 verbose stack     at emitTwo (events.js:87:13)
14 verbose stack     at ChildProcess.emit (events.js:172:7)
14 verbose stack     at maybeClose (internal/child_process.js:821:16)
14 verbose stack     at Process.ChildProcess._handle.onexit (internal/child_process.js:211:5)
15 verbose pkgid @
16 verbose cwd /home/mander/public_html/ttassess
17 error Linux 4.4.0-24-generic
18 error argv "/usr/bin/nodejs" "/usr/bin/npm" "run" "typings" "install" "dt~core-js" "--save" "--global"
19 error node v4.2.6
20 error npm  v3.5.2
21 error code ELIFECYCLE
22 error @ typings: `typings "install" "dt~core-js"`
22 error Exit status 1
23 error Failed at the @ typings script 'typings "install" "dt~core-js"'.
23 error Make sure you have the latest version of node.js and npm installed.
23 error If you do, this is most likely a problem with the  package,
23 error not with npm itself.
23 error Tell the author that this fails on your system:
23 error     typings "install" "dt~core-js"
23 error You can get information on how to open an issue for this project with:
23 error     npm bugs
23 error Or if that isn't available, you can get their info via:
23 error     npm owner ls
23 error There is likely additional logging output above.
24 verbose exit [ 1, true ]
